<?xml version="1.0" encoding="UTF-8"?>
<!-- Generated by org.testng.reporters.JUnitReportReporter -->
<testsuite hostname="L-009688" name="test.drugi.DrugiTest" tests="1" failures="0" timestamp="9 Dec 2016 14:33:13 GMT" time="7.318" errors="0">
  <testcase name="test" time="7.318" classname="test.drugi.DrugiTest"/>
</testsuite> <!-- test.drugi.DrugiTest -->
