<?xml version="1.0" encoding="UTF-8"?>
<!-- Generated by org.testng.reporters.JUnitReportReporter -->
<testsuite hostname="L-009688" name="test.drugi.DrugiTest" tests="1" failures="0" timestamp="25 Nov 2016 14:15:24 GMT" time="0.070" errors="0">
  <testcase name="test" time="0.070" classname="test.drugi.DrugiTest"/>
</testsuite> <!-- test.drugi.DrugiTest -->
