<?xml version="1.0" encoding="UTF-8"?>
<!-- Generated by org.testng.reporters.JUnitReportReporter -->
<testsuite hostname="L-009688" name="test.registration.TestRegistrationRequiredInputFields" tests="1" failures="0" timestamp="25 Nov 2016 11:32:21 GMT" time="18.530" errors="0">
  <testcase name="test" time="18.530" classname="test.registration.TestRegistrationRequiredInputFields"/>
</testsuite> <!-- test.registration.TestRegistrationRequiredInputFields -->
