<?xml version="1.0" encoding="UTF-8"?>
<!-- Generated by org.testng.reporters.JUnitReportReporter -->
<testsuite hostname="L-009688" name="test.registration.TestRegistrationIncorrectValuesForPhoneNumber" tests="1" failures="0" timestamp="9 Dec 2016 14:33:13 GMT" time="5.316" errors="0">
  <testcase name="f" time="5.316" classname="test.registration.TestRegistrationIncorrectValuesForPhoneNumber"/>
</testsuite> <!-- test.registration.TestRegistrationIncorrectValuesForPhoneNumber -->
