<?xml version="1.0" encoding="UTF-8"?>
<!-- Generated by org.testng.reporters.JUnitReportReporter -->
<testsuite hostname="L-009688" name="test.drugi.DrugiTest" tests="1" failures="0" timestamp="3 Nov 2016 13:36:46 GMT" time="6.444" errors="0">
  <testcase name="test" time="6.444" classname="test.drugi.DrugiTest"/>
</testsuite> <!-- test.drugi.DrugiTest -->
